<?xml version="1.0" encoding="UTF-8"?>
<!-- Generated by org.testng.reporters.JUnitXMLReporter -->
<testsuite hostname="KOR-C-0075E" failures="0" tests="3" name="Default test" time="1.508" errors="0" timestamp="26 Mar 2024 07:07:31 GMT">
  <testcase classname="com.example.ControllerTest.BookingControllerTest" name="testCreateNewBooking_DuplicateId" time="0.134"/>
  <testcase classname="com.example.ControllerTest.BookingControllerTest" name="testCreateNewBooking_Successful" time="0.004"/>
  <testcase classname="com.example.ControllerTest.BookingControllerTest" name="testGetAllBookings" time="0.004"/>
</testsuite> <!-- Default test -->
